[20:08:22] [main/INFO]: Environment: authHost='https://authserver.mojang.com', accountsHost='https://api.mojang.com', sessionHost='https://sessionserver.mojang.com', servicesHost='https://api.minecraftservices.com', name='PROD'
[20:08:23] [main/INFO]: Found new data pack file/bukkit, loading it automatically
[20:08:23] [main/INFO]: Reloading ResourceManager: Default, bukkit
[20:08:25] [Worker-Main-1/INFO]: Loaded 7 recipes
[20:08:28] [Server thread/INFO]: Starting minecraft server version 1.17.1
[20:08:28] [Server thread/INFO]: Loading properties
[20:08:28] [Server thread/INFO]: This server is running Paper version git-Paper-411 (MC: 1.17.1) (Implementing API version 1.17.1-R0.1-SNAPSHOT) (Git: 6625db3 on ver/1.17.1)
[20:08:29] [Server thread/INFO]: Server Ping Player Sample Count: 12
[20:08:29] [Server thread/INFO]: Using 4 threads for Netty based IO
[20:08:29] [Server console handler/ERROR]: [TerminalConsole] Failed to read console input
java.io.IOException: The handle is invalid
	at java.io.FileInputStream.readBytes(Native Method) ~[?:?]
	at java.io.FileInputStream.read(FileInputStream.java:271) ~[?:?]
	at java.io.BufferedInputStream.read1(BufferedInputStream.java:282) ~[?:?]
	at java.io.BufferedInputStream.read(BufferedInputStream.java:343) ~[?:?]
	at sun.nio.cs.StreamDecoder.readBytes(StreamDecoder.java:297) ~[?:?]
	at sun.nio.cs.StreamDecoder.implRead(StreamDecoder.java:339) ~[?:?]
	at sun.nio.cs.StreamDecoder.read(StreamDecoder.java:188) ~[?:?]
	at java.io.InputStreamReader.read(InputStreamReader.java:178) ~[?:?]
	at java.io.BufferedReader.fill(BufferedReader.java:161) ~[?:?]
	at java.io.BufferedReader.readLine(BufferedReader.java:329) ~[?:?]
	at java.io.BufferedReader.readLine(BufferedReader.java:396) ~[?:?]
	at net.minecrell.terminalconsole.SimpleTerminalConsole.readCommands(SimpleTerminalConsole.java:180) ~[patched_1.17.1.jar:git-Paper-411]
	at net.minecrell.terminalconsole.SimpleTerminalConsole.start(SimpleTerminalConsole.java:143) ~[patched_1.17.1.jar:git-Paper-411]
	at net.minecraft.server.dedicated.DedicatedServer$1.run(DedicatedServer.java:113) ~[patched_1.17.1.jar:git-Paper-411]
	Suppressed: java.io.IOException: The handle is invalid
		at java.io.FileDescriptor.close0(Native Method) ~[?:?]
		at java.io.FileDescriptor.close(FileDescriptor.java:297) ~[?:?]
		at java.io.FileInputStream$1.close(FileInputStream.java:366) ~[?:?]
		at java.io.FileDescriptor.closeAll(FileDescriptor.java:355) ~[?:?]
		at java.io.FileInputStream.close(FileInputStream.java:364) ~[?:?]
		at java.io.BufferedInputStream.close(BufferedInputStream.java:481) ~[?:?]
		at sun.nio.cs.StreamDecoder.implClose(StreamDecoder.java:391) ~[?:?]
		at sun.nio.cs.StreamDecoder.close(StreamDecoder.java:204) ~[?:?]
		at java.io.InputStreamReader.close(InputStreamReader.java:193) ~[?:?]
		at java.io.BufferedReader.close(BufferedReader.java:532) ~[?:?]
		at net.minecrell.terminalconsole.SimpleTerminalConsole.readCommands(SimpleTerminalConsole.java:183) ~[patched_1.17.1.jar:git-Paper-411]
		at net.minecrell.terminalconsole.SimpleTerminalConsole.start(SimpleTerminalConsole.java:143) ~[patched_1.17.1.jar:git-Paper-411]
		at net.minecraft.server.dedicated.DedicatedServer$1.run(DedicatedServer.java:113) ~[patched_1.17.1.jar:git-Paper-411]
[20:08:29] [Server thread/INFO]: Default game type: SURVIVAL
[20:08:29] [Server thread/INFO]: Generating keypair
[20:08:29] [Server thread/INFO]: Starting Minecraft server on *:25565
[20:08:29] [Server thread/INFO]: Using default channel type
[20:08:29] [Server thread/INFO]: Paper: Using Java 11 compression from Velocity.
[20:08:29] [Server thread/INFO]: Paper: Using Java cipher from Velocity.
[20:08:29] [Server thread/INFO]: Preparing level "world"
[20:08:48] [Server thread/WARN]: Unable to find spawn biome
[20:08:51] [Server thread/WARN]: Unable to find spawn biome
[20:08:51] [Server thread/INFO]: Preparing start region for dimension minecraft:overworld
[20:08:51] [Server thread/INFO]: Time elapsed: 238 ms
[20:08:51] [Server thread/INFO]: Preparing start region for dimension minecraft:the_nether
[20:08:51] [Server thread/INFO]: Time elapsed: 269 ms
[20:08:51] [Server thread/INFO]: Preparing start region for dimension minecraft:the_end
[20:08:52] [Server thread/INFO]: Time elapsed: 344 ms
[20:08:52] [Server thread/INFO]: Running delayed init tasks
[20:08:52] [Server thread/INFO]: Done (23.478s)! For help, type "help"
[20:08:52] [Server thread/INFO]: Timings Reset
[20:13:01] [Server thread/INFO]: Stopping server
[20:13:01] [Server thread/INFO]: Saving players
[20:13:01] [Server thread/INFO]: Saving worlds
[20:13:01] [Server thread/INFO]: Saving chunks for level 'ServerLevel[world]'/minecraft:overworld
[20:13:03] [Server thread/INFO]: Saving chunks for level 'ServerLevel[world_nether]'/minecraft:the_nether
[20:13:04] [Server thread/INFO]: Saving chunks for level 'ServerLevel[world_the_end]'/minecraft:the_end
[20:13:05] [Server thread/INFO]: ThreadedAnvilChunkStorage (world): All chunks are saved
[20:13:05] [Server thread/INFO]: ThreadedAnvilChunkStorage (DIM-1): All chunks are saved
[20:13:05] [Server thread/INFO]: ThreadedAnvilChunkStorage (DIM1): All chunks are saved
[20:13:05] [Server thread/INFO]: ThreadedAnvilChunkStorage: All dimensions are saved
[20:13:05] [Server thread/INFO]: Flushing Chunk IO
[20:13:05] [Server thread/INFO]: Closing Thread Pool
[20:13:05] [Server thread/INFO]: Closing Server
